e:\Py\Delivery-System-III\backen
d\venv\Scripts\python.exe : 
INFO:     Will watch for 
changes in these directories: ['
E:\\Py\\Delivery-System-III\\bac
kend']
At line:1 char:1
+ e:\Py\Delivery-System-III\back
end\venv\Scripts\python.exe -m 
uvicorn  ...
+ ~~~~~~~~~~~~~~~~~~~~~~~~~~~~~~
~~~~~~~~~~~~~~~~~~~~~~~~~~~~~~~~
~~~~~~~
    + CategoryInfo          : N 
   otSpecified: (INFO:     Wil  
  l ...-III\\backend']:String   
 ) [], RemoteException
    + FullyQualifiedErrorId : N 
   ativeCommandError
 
INFO:     Uvicorn running on 
http://127.0.0.1:8000 (Press 
CTRL+C to quit)
INFO:     Started reloader 
process [29344] using StatReload
--- Logging error in Loguru 
Handler #1 ---
Record was: {'elapsed': 
datetime.timedelta(seconds=1, 
microseconds=960568), 
'exception': None, 'extra': {}, 
'file': (name='__init__.py', 
path='C:\\Program Files\\Windows
Apps\\PythonSoftwareFoundation.P
ython.3.11_3.11.2544.0_x64__qbz5
n2kfra8p0\\Lib\\logging\\__init_
_.py'), 'function': 
'callHandlers', 'level': 
(name='INFO', no=20, 
icon='\u2139\ufe0f'), 'line': 
1706, 'message': 'Started 
server process [30008]', 
'module': '__init__', 'name': 
'logging', 'process': 
(id=30008, 
name='SpawnProcess-1'), 
'thread': (id=21668, 
name='MainThread'), 'time': 
datetime(2026, 1, 24, 11, 14, 
52, 573812, tzinfo=datetime.time
zone(datetime.timedelta(seconds=
7200), 'Egypt Standard Time'))}
Traceback (most recent call 
last):
  File "E:\Py\Delivery-System-II
I\backend\venv\Lib\site-packages
\loguru\_handler.py", line 206, 
in emit
    self._sink.write(str_record)
  File "E:\Py\Delivery-System-II
I\backend\venv\Lib\site-packages
\loguru\_simple_sinks.py", line 
16, in write
    self._stream.write(message)
  File "C:\Program Files\Windows
Apps\PythonSoftwareFoundation.Py
thon.3.11_3.11.2544.0_x64__qbz5n
2kfra8p0\Lib\encodings\cp1252.py
", line 19, in encode
    return codecs.charmap_encode
(input,self.errors,encoding_tabl
e)[0]
           ^^^^^^^^^^^^^^^^^^^^^
^^^^^^^^^^^^^^^^^^^^^^^^^^^^^^^^
^^
UnicodeEncodeError: 'charmap' 
codec can't encode characters 
in position 431-432: character 
maps to <undefined>
--- End of logging error ---
--- Logging error in Loguru 
Handler #1 ---
Record was: {'elapsed': 
datetime.timedelta(seconds=2, 
microseconds=12436), 
'exception': None, 'extra': {}, 
'file': (name='__init__.py', 
path='C:\\Program Files\\Windows
Apps\\PythonSoftwareFoundation.P
ython.3.11_3.11.2544.0_x64__qbz5
n2kfra8p0\\Lib\\logging\\__init_
_.py'), 'function': 
'callHandlers', 'level': 
(name='INFO', no=20, 
icon='\u2139\ufe0f'), 'line': 
1706, 'message': 'Waiting for 
application startup.', 
'module': '__init__', 'name': 
'logging', 'process': 
(id=30008, 
name='SpawnProcess-1'), 
'thread': (id=21668, 
name='MainThread'), 'time': 
datetime(2026, 1, 24, 11, 14, 
52, 625680, tzinfo=datetime.time
zone(datetime.timedelta(seconds=
7200), 'Egypt Standard Time'))}
Traceback (most recent call 
last):
  File "E:\Py\Delivery-System-II
I\backend\venv\Lib\site-packages
\loguru\_handler.py", line 206, 
in emit
    self._sink.write(str_record)
  File "E:\Py\Delivery-System-II
I\backend\venv\Lib\site-packages
\loguru\_simple_sinks.py", line 
16, in write
    self._stream.write(message)
  File "C:\Program Files\Windows
Apps\PythonSoftwareFoundation.Py
thon.3.11_3.11.2544.0_x64__qbz5n
2kfra8p0\Lib\encodings\cp1252.py
", line 19, in encode
    return codecs.charmap_encode
(input,self.errors,encoding_tabl
e)[0]
           ^^^^^^^^^^^^^^^^^^^^^
^^^^^^^^^^^^^^^^^^^^^^^^^^^^^^^^
^^
UnicodeEncodeError: 'charmap' 
codec can't encode characters 
in position 433-434: character 
maps to <undefined>
--- End of logging error ---
--- Logging error in Loguru 
Handler #1 ---
Record was: {'elapsed': 
datetime.timedelta(seconds=2, 
microseconds=17679), 
'exception': None, 'extra': {}, 
'file': (name='__init__.py', 
path='C:\\Program Files\\Windows
Apps\\PythonSoftwareFoundation.P
ython.3.11_3.11.2544.0_x64__qbz5
n2kfra8p0\\Lib\\logging\\__init_
_.py'), 'function': 
'callHandlers', 'level': 
(name='INFO', no=20, 
icon='\u2139\ufe0f'), 'line': 
1706, 'message': 'Application 
startup complete.', 'module': 
'__init__', 'name': 'logging', 
'process': (id=30008, 
name='SpawnProcess-1'), 
'thread': (id=21668, 
name='MainThread'), 'time': 
datetime(2026, 1, 24, 11, 14, 
52, 630923, tzinfo=datetime.time
zone(datetime.timedelta(seconds=
7200), 'Egypt Standard Time'))}
Traceback (most recent call 
last):
  File "E:\Py\Delivery-System-II
I\backend\venv\Lib\site-packages
\loguru\_handler.py", line 206, 
in emit
    self._sink.write(str_record)
  File "E:\Py\Delivery-System-II
I\backend\venv\Lib\site-packages
\loguru\_simple_sinks.py", line 
16, in write
    self._stream.write(message)
  File "C:\Program Files\Windows
Apps\PythonSoftwareFoundation.Py
thon.3.11_3.11.2544.0_x64__qbz5n
2kfra8p0\Lib\encodings\cp1252.py
", line 19, in encode
    return codecs.charmap_encode
(input,self.errors,encoding_tabl
e)[0]
           ^^^^^^^^^^^^^^^^^^^^^
^^^^^^^^^^^^^^^^^^^^^^^^^^^^^^^^
^^
UnicodeEncodeError: 'charmap' 
codec can't encode characters 
in position 430-431: character 
maps to <undefined>
--- End of logging error ---
WARNING:  StatReload detected 
changes in 'app\main.py'. 
Reloading...
